<?xml version="1.0" encoding="UTF-8"?>
<testng-results skipped="0" failed="0" ignored="0" total="2" passed="2">
  <reporter-output>
    <line>
      <![CDATA[PASSED invalidlogin]]>
    </line>
    <line>
      <![CDATA[PASSED validlogin]]>
    </line>
  </reporter-output>
  <suite name="Suite" duration-ms="40851" started-at="2020-06-18T13:12:21Z" finished-at="2020-06-18T13:13:02Z">
    <groups>
    </groups>
    <test name="Test" duration-ms="40851" started-at="2020-06-18T13:12:21Z" finished-at="2020-06-18T13:13:02Z">
      <class name="tests.TC002">
        <test-method status="PASS" signature="openApp()[pri:0, instance:tests.TC002@26653222]" name="openApp" is-config="true" duration-ms="26421" started-at="2020-06-18T18:42:21Z" finished-at="2020-06-18T18:42:48Z">
          <reporter-output>
          </reporter-output>
        </test-method> <!-- openApp -->
        <test-method status="PASS" signature="invalidlogin()[pri:0, instance:tests.TC002@26653222]" name="invalidlogin" duration-ms="5206" started-at="2020-06-18T18:42:48Z" finished-at="2020-06-18T18:42:53Z">
          <reporter-output>
          </reporter-output>
        </test-method> <!-- invalidlogin -->
        <test-method status="PASS" signature="closeApp(org.testng.ITestResult)[pri:0, instance:tests.TC002@26653222]" name="closeApp" is-config="true" duration-ms="1419" started-at="2020-06-18T18:42:53Z" finished-at="2020-06-18T18:42:54Z">
          <params>
            <param index="0">
              <value>
                <![CDATA[[TestResult name=invalidlogin status=SUCCESS method=TC002.invalidlogin()[pri:0, instance:tests.TC002@26653222] output={null}]]]>
              </value>
            </param>
          </params>
          <reporter-output>
            <line>
              <![CDATA[PASSED invalidlogin]]>
            </line>
          </reporter-output>
        </test-method> <!-- closeApp -->
      </class> <!-- tests.TC002 -->
      <class name="tests.TC001">
        <test-method status="PASS" signature="openApp()[pri:0, instance:tests.TC001@5e5792a0]" name="openApp" is-config="true" duration-ms="27092" started-at="2020-06-18T18:42:21Z" finished-at="2020-06-18T18:42:48Z">
          <reporter-output>
          </reporter-output>
        </test-method> <!-- openApp -->
        <test-method status="PASS" signature="validlogin()[pri:0, instance:tests.TC001@5e5792a0]" name="validlogin" duration-ms="12755" started-at="2020-06-18T18:42:48Z" finished-at="2020-06-18T18:43:01Z">
          <reporter-output>
          </reporter-output>
        </test-method> <!-- validlogin -->
        <test-method status="PASS" signature="closeApp(org.testng.ITestResult)[pri:0, instance:tests.TC001@5e5792a0]" name="closeApp" is-config="true" duration-ms="979" started-at="2020-06-18T18:43:01Z" finished-at="2020-06-18T18:43:02Z">
          <params>
            <param index="0">
              <value>
                <![CDATA[[TestResult name=validlogin status=SUCCESS method=TC001.validlogin()[pri:0, instance:tests.TC001@5e5792a0] output={null}]]]>
              </value>
            </param>
          </params>
          <reporter-output>
            <line>
              <![CDATA[PASSED validlogin]]>
            </line>
          </reporter-output>
        </test-method> <!-- closeApp -->
      </class> <!-- tests.TC001 -->
    </test> <!-- Test -->
  </suite> <!-- Suite -->
</testng-results>
